<?xml version="1.0" encoding="UTF-8"?>
<testsuite name="BankAccountTest" tests="2" skipped="0" failures="0" errors="0" timestamp="2021-02-16T10:58:16" hostname="Yasmins-Air" time="0.133">
  <properties/>
  <testcase name="depositAddsToBalance()" classname="BankAccountTest" time="0.129"/>
  <testcase name="balanceIs0ToStart()" classname="BankAccountTest" time="0.002"/>
  <system-out><![CDATA[]]></system-out>
  <system-err><![CDATA[]]></system-err>
</testsuite>
